{"/Users/eps09/Documents/groupProjectReact/server/app.js": {"path":"/Users/eps09/Documents/groupProjectReact/server/app.js","statementMap":{"0":{"start":{"line":1,"column":16},"end":{"line":1,"column":34}},"1":{"start":{"line":2,"column":13},"end":{"line":2,"column":28}},"2":{"start":{"line":5,"column":23},"end":{"line":5,"column":54}},"3":{"start":{"line":6,"column":12},"end":{"line":6,"column":21}},"4":{"start":{"line":7,"column":13},"end":{"line":7,"column":33}},"5":{"start":{"line":10,"column":0},"end":{"line":10,"column":49}},"6":{"start":{"line":11,"column":0},"end":{"line":11,"column":24}},"7":{"start":{"line":12,"column":0},"end":{"line":12,"column":16}},"8":{"start":{"line":16,"column":0},"end":{"line":16,"column":38}},"9":{"start":{"line":24,"column":0},"end":{"line":24,"column":21}}},"fnMap":{},"branchMap":{},"s":{"0":1,"1":1,"2":1,"3":1,"4":1,"5":1,"6":1,"7":1,"8":1,"9":1},"f":{},"b":{},"_coverageSchema":"1a1c01bbd47fc00a2c39e90264f33305004495a9","hash":"ffef8be9c50cee1c8653b398440b8ac9451b85a9"}
,"/Users/eps09/Documents/groupProjectReact/server/db/db.js": {"path":"/Users/eps09/Documents/groupProjectReact/server/db/db.js","statementMap":{"0":{"start":{"line":1,"column":18},"end":{"line":1,"column":38}},"1":{"start":{"line":2,"column":13},"end":{"line":2,"column":28}},"2":{"start":{"line":4,"column":11},"end":{"line":8,"column":2}},"3":{"start":{"line":10,"column":0},"end":{"line":10,"column":19}}},"fnMap":{},"branchMap":{},"s":{"0":1,"1":1,"2":1,"3":1},"f":{},"b":{},"_coverageSchema":"1a1c01bbd47fc00a2c39e90264f33305004495a9","hash":"bc593fe5a9759989b170ccd91158ce5d2dba5b99"}
,"/Users/eps09/Documents/groupProjectReact/server/db/seed.js": {"path":"/Users/eps09/Documents/groupProjectReact/server/db/seed.js","statementMap":{"0":{"start":{"line":1,"column":17},"end":{"line":1,"column":37}},"1":{"start":{"line":2,"column":11},"end":{"line":2,"column":26}},"2":{"start":{"line":5,"column":2},"end":{"line":5,"column":29}},"3":{"start":{"line":7,"column":2},"end":{"line":20,"column":4}},"4":{"start":{"line":23,"column":0},"end":{"line":23,"column":21}}},"fnMap":{"0":{"name":"seed","decl":{"start":{"line":4,"column":15},"end":{"line":4,"column":19}},"loc":{"start":{"line":4,"column":22},"end":{"line":21,"column":1}},"line":4}},"branchMap":{},"s":{"0":1,"1":1,"2":1,"3":1,"4":1},"f":{"0":1},"b":{},"_coverageSchema":"1a1c01bbd47fc00a2c39e90264f33305004495a9","hash":"964714c13a3d0a9819f1713a38ffa95d701be3b0"}
,"/Users/eps09/Documents/groupProjectReact/server/models/blogpost.js": {"path":"/Users/eps09/Documents/groupProjectReact/server/models/blogpost.js","statementMap":{"0":{"start":{"line":1,"column":29},"end":{"line":1,"column":49}},"1":{"start":{"line":2,"column":11},"end":{"line":2,"column":30}},"2":{"start":{"line":6,"column":0},"end":{"line":24,"column":19}},"3":{"start":{"line":27,"column":0},"end":{"line":27,"column":25}}},"fnMap":{},"branchMap":{},"s":{"0":1,"1":1,"2":1,"3":1},"f":{},"b":{},"_coverageSchema":"1a1c01bbd47fc00a2c39e90264f33305004495a9","hash":"ee85a3884d4090adc84c9690afe647ab45c038d0"}
,"/Users/eps09/Documents/groupProjectReact/server/models/index.js": {"path":"/Users/eps09/Documents/groupProjectReact/server/models/index.js","statementMap":{"0":{"start":{"line":1,"column":17},"end":{"line":1,"column":38}},"1":{"start":{"line":3,"column":0},"end":{"line":3,"column":25}}},"fnMap":{},"branchMap":{},"s":{"0":1,"1":1},"f":{},"b":{},"_coverageSchema":"1a1c01bbd47fc00a2c39e90264f33305004495a9","hash":"f8196ac9946cae2c4e3cc6977f9d0c8a8b45cc50"}
,"/Users/eps09/Documents/groupProjectReact/server/routes/BlogPost.js": {"path":"/Users/eps09/Documents/groupProjectReact/server/routes/BlogPost.js","statementMap":{"0":{"start":{"line":1,"column":19},"end":{"line":1,"column":37}},"1":{"start":{"line":2,"column":40},"end":{"line":2,"column":68}},"2":{"start":{"line":3,"column":17},"end":{"line":3,"column":46}},"3":{"start":{"line":5,"column":23},"end":{"line":5,"column":31}},"4":{"start":{"line":16,"column":0},"end":{"line":23,"column":2}},"5":{"start":{"line":17,"column":4},"end":{"line":22,"column":5}},"6":{"start":{"line":18,"column":26},"end":{"line":18,"column":50}},"7":{"start":{"line":19,"column":8},"end":{"line":19,"column":28}},"8":{"start":{"line":21,"column":8},"end":{"line":21,"column":36}},"9":{"start":{"line":26,"column":0},"end":{"line":34,"column":2}},"10":{"start":{"line":27,"column":4},"end":{"line":33,"column":5}},"11":{"start":{"line":28,"column":26},"end":{"line":28,"column":86}},"12":{"start":{"line":29,"column":8},"end":{"line":30,"column":33}},"13":{"start":{"line":29,"column":22},"end":{"line":29,"column":42}},"14":{"start":{"line":30,"column":13},"end":{"line":30,"column":33}},"15":{"start":{"line":32,"column":8},"end":{"line":32,"column":36}},"16":{"start":{"line":37,"column":0},"end":{"line":49,"column":2}},"17":{"start":{"line":38,"column":4},"end":{"line":48,"column":5}},"18":{"start":{"line":39,"column":25},"end":{"line":39,"column":85}},"19":{"start":{"line":40,"column":8},"end":{"line":45,"column":9}},"20":{"start":{"line":41,"column":12},"end":{"line":41,"column":140}},"21":{"start":{"line":42,"column":12},"end":{"line":42,"column":31}},"22":{"start":{"line":44,"column":12},"end":{"line":44,"column":32}},"23":{"start":{"line":47,"column":8},"end":{"line":47,"column":36}},"24":{"start":{"line":52,"column":0},"end":{"line":59,"column":2}},"25":{"start":{"line":53,"column":4},"end":{"line":58,"column":5}},"26":{"start":{"line":54,"column":24},"end":{"line":54,"column":152}},"27":{"start":{"line":55,"column":8},"end":{"line":55,"column":26}},"28":{"start":{"line":57,"column":8},"end":{"line":57,"column":36}},"29":{"start":{"line":63,"column":0},"end":{"line":71,"column":2}},"30":{"start":{"line":64,"column":4},"end":{"line":70,"column":5}},"31":{"start":{"line":65,"column":28},"end":{"line":65,"column":88}},"32":{"start":{"line":66,"column":8},"end":{"line":67,"column":47}},"33":{"start":{"line":66,"column":24},"end":{"line":66,"column":46}},"34":{"start":{"line":67,"column":13},"end":{"line":67,"column":47}},"35":{"start":{"line":69,"column":8},"end":{"line":69,"column":36}},"36":{"start":{"line":73,"column":0},"end":{"line":73,"column":32}}},"fnMap":{"0":{"name":"(anonymous_0)","decl":{"start":{"line":16,"column":24},"end":{"line":16,"column":25}},"loc":{"start":{"line":16,"column":43},"end":{"line":23,"column":1}},"line":16},"1":{"name":"(anonymous_1)","decl":{"start":{"line":26,"column":35},"end":{"line":26,"column":36}},"loc":{"start":{"line":26,"column":54},"end":{"line":34,"column":1}},"line":26},"2":{"name":"(anonymous_2)","decl":{"start":{"line":37,"column":35},"end":{"line":37,"column":36}},"loc":{"start":{"line":37,"column":55},"end":{"line":49,"column":1}},"line":37},"3":{"name":"(anonymous_3)","decl":{"start":{"line":52,"column":25},"end":{"line":52,"column":26}},"loc":{"start":{"line":52,"column":45},"end":{"line":59,"column":1}},"line":52},"4":{"name":"(anonymous_4)","decl":{"start":{"line":63,"column":38},"end":{"line":63,"column":39}},"loc":{"start":{"line":63,"column":58},"end":{"line":71,"column":1}},"line":63}},"branchMap":{"0":{"loc":{"start":{"line":29,"column":8},"end":{"line":30,"column":33}},"type":"if","locations":[{"start":{"line":29,"column":8},"end":{"line":30,"column":33}},{"start":{"line":30,"column":13},"end":{"line":30,"column":33}}],"line":29},"1":{"loc":{"start":{"line":40,"column":8},"end":{"line":45,"column":9}},"type":"if","locations":[{"start":{"line":40,"column":8},"end":{"line":45,"column":9}},{"start":{"line":43,"column":13},"end":{"line":45,"column":9}}],"line":40},"2":{"loc":{"start":{"line":66,"column":8},"end":{"line":67,"column":47}},"type":"if","locations":[{"start":{"line":66,"column":8},"end":{"line":67,"column":47}},{"start":{"line":67,"column":13},"end":{"line":67,"column":47}}],"line":66}},"s":{"0":1,"1":1,"2":1,"3":1,"4":1,"5":4,"6":4,"7":3,"8":1,"9":1,"10":9,"11":9,"12":8,"13":5,"14":3,"15":1,"16":1,"17":4,"18":4,"19":3,"20":1,"21":1,"22":2,"23":1,"24":1,"25":2,"26":2,"27":1,"28":1,"29":1,"30":2,"31":2,"32":1,"33":1,"34":0,"35":1,"36":1},"f":{"0":4,"1":9,"2":4,"3":2,"4":2},"b":{"0":[5,3],"1":[1,2],"2":[1,0]},"_coverageSchema":"1a1c01bbd47fc00a2c39e90264f33305004495a9","hash":"2290c4e72b399cbfe67799eeba1615172c549889"}
}
