TN:
SF:server/app.js
FNF:0
FNH:0
DA:1,1
DA:2,1
DA:5,1
DA:6,1
DA:7,1
DA:10,1
DA:11,1
DA:12,1
DA:16,1
DA:24,1
LF:10
LH:10
BRF:0
BRH:0
end_of_record
TN:
SF:server/db/db.js
FNF:0
FNH:0
DA:1,1
DA:2,1
DA:4,1
DA:10,1
LF:4
LH:4
BRF:0
BRH:0
end_of_record
TN:
SF:server/db/seed.js
FN:4,seed
FNF:1
FNH:1
FNDA:1,seed
DA:1,1
DA:2,1
DA:5,1
DA:7,1
DA:23,1
LF:5
LH:5
BRF:0
BRH:0
end_of_record
TN:
SF:server/models/blogpost.js
FNF:0
FNH:0
DA:1,1
DA:2,1
DA:6,1
DA:27,1
LF:4
LH:4
BRF:0
BRH:0
end_of_record
TN:
SF:server/models/index.js
FNF:0
FNH:0
DA:1,1
DA:3,1
LF:2
LH:2
BRF:0
BRH:0
end_of_record
TN:
SF:server/routes/BlogPost.js
FN:16,(anonymous_0)
FN:26,(anonymous_1)
FN:37,(anonymous_2)
FN:52,(anonymous_3)
FN:63,(anonymous_4)
FNF:5
FNH:5
FNDA:4,(anonymous_0)
FNDA:9,(anonymous_1)
FNDA:4,(anonymous_2)
FNDA:2,(anonymous_3)
FNDA:2,(anonymous_4)
DA:1,1
DA:2,1
DA:3,1
DA:5,1
DA:16,1
DA:17,4
DA:18,4
DA:19,3
DA:21,1
DA:26,1
DA:27,9
DA:28,9
DA:29,8
DA:30,3
DA:32,1
DA:37,1
DA:38,4
DA:39,4
DA:40,3
DA:41,1
DA:42,1
DA:44,2
DA:47,1
DA:52,1
DA:53,2
DA:54,2
DA:55,1
DA:57,1
DA:63,1
DA:64,2
DA:65,2
DA:66,1
DA:67,0
DA:69,1
DA:73,1
LF:35
LH:34
BRDA:29,0,0,5
BRDA:29,0,1,3
BRDA:40,1,0,1
BRDA:40,1,1,2
BRDA:66,2,0,1
BRDA:66,2,1,0
BRF:6
BRH:5
end_of_record
